2012-07-11 20:05:52.080+0000: WARNING! Deprecated configuration options used. See manual for details
2012-07-11 20:05:52.083+0000: enable_online_backup has been replaced with online_backup_enabled and online_backup_port
2012-07-11 20:05:52.165+0000: Creating new db @ /Users/jacquelinechenault/Dropbox/Hungry Academy/Projects/tree/neo4jrails/db/neo4j-development/neostore
2012-07-11 20:05:52.259+0000: Opened [/Users/jacquelinechenault/Dropbox/Hungry Academy/Projects/tree/neo4jrails/db/neo4j-development/nioneo_logical.log.1] clean empty log, version=0, lastTxId=1
2012-07-11 20:05:52.268+0000: TM new log: tm_tx_log.1
2012-07-11 20:05:52.317+0000: Opened [/Users/jacquelinechenault/Dropbox/Hungry Academy/Projects/tree/neo4jrails/db/neo4j-development/index/lucene.log.1] clean empty log, version=0, lastTxId=1
2012-07-11 20:05:52.322+0000: --- STARTUP diagnostics START ---
2012-07-11 20:05:52.323+0000: Neo4j Kernel properties:
    read_only=false
    neo4j.ext.udc.host=udc.neo4j.org
    logical_log=/Users/jacquelinechenault/Dropbox/Hungry Academy/Projects/tree/neo4jrails/db/neo4j-development/nioneo_logical.log
    min_node_cache_size=0
    intercept_committing_transactions=false
    node_auto_indexing=false
    remote_shell_name=shell
    cache_type=soft
    intercept_deserialized_transactions=false
    ha.db=NO
    use_adaptive_cache=YES
    lucene_searcher_cache_size=2147483647
    neo4j.ext.udc.interval=86400000
    use_memory_mapped_buffers=true
    ha.coordinators=localhost:2181,localhost:2182,localhost:2183
    timestamps=YES
    rebuild_idgenerators_fast=true
    neostore.propertystore.db.index.keys.mapped_memory=1M
    max_node_cache_size=1500
    neostore.propertystore.db.strings.mapped_memory=130M
    neostore.propertystore.db.arrays.mapped_memory=130M
    gcr_cache_min_log_interval=60s
    relationship_grab_size=100
    relationship_auto_indexing=false
    remote_shell_read_only=false
    lucene_writer_cache_size=2147483647
    storage_path=/Users/jacquelinechenault/Dropbox/Hungry Academy/Projects/tree/neo4jrails/db/neo4j-development
    node_cache_array_fraction=1.0
    allow_store_upgrade=false
    execution_guard_enabled=false
    relationship_cache_array_fraction=1.0
    migration_thread=NO
    remote_logging_host=127.0.0.1
    store_dir=/Users/jacquelinechenault/Dropbox/Hungry Academy/Projects/tree/neo4jrails/db/neo4j-development
    remote_logging_port=4560
    enable_rules=YES
    gc_monitor_threshold=200ms
    load_kernel_extensions=true
    array_block_size=120
    neostore.relationshipstore.db.mapped_memory=50M
    dump_configuration=false
    gc_monitor_wait_time=100ms
    neostore.nodestore.db.mapped_memory=25M
    neo4j.ext.udc.first_delay=600000
    remote_shell_enabled=true
    min_relationship_cache_size=0
    max_relationship_cache_size=3500
    neo4j.ext.udc.reg=unreg
    remote_shell_port=9332
    adaptive_cache_heap_ratio=0.77
    identity_map=YES
    adaptive_cache_manager_decrease_ratio=1.15
    ha.server_id=2
    neo_store=/Users/jacquelinechenault/Dropbox/Hungry Academy/Projects/tree/neo4jrails/db/neo4j-development/neostore
    adaptive_cache_worker_sleep_time=3000
    neostore.propertystore.db.index.mapped_memory=1M
    adaptive_cache_manager_increase_ratio=1.1
    backup_slave=false
    neostore.propertystore.db.mapped_memory=90M
    string_block_size=120
    grab_file_lock=true
    remote_logging_enabled=false
    ha.server=localhost:6002
    neo4j.ext.udc.enabled=true
2012-07-11 20:05:52.331+0000: Diagnostics providers:
    org.neo4j.kernel.configuration.Config
    org.neo4j.kernel.info.DiagnosticsManager
    SYSTEM_MEMORY
    JAVA_MEMORY
    OPERATING_SYSTEM
    JAVA_VIRTUAL_MACHINE
    CLASSPATH
    LIBRARY_PATH
    SYSTEM_PROPERTIES
2012-07-11 20:05:52.332+0000: System memory information:
    Total Physical memory: 8.00 GB
    Free Physical memory: 342.92 MB
    Committed virtual memory: 3.25 GB
    Total swap space: 256.00 MB
    Free swap space: 240.22 MB
2012-07-11 20:05:52.340+0000: JVM memory information:
    Free  memory: 34.10 MB
    Total memory: 81.06 MB
    Max   memory: 493.75 MB
    Garbage Collector: ParNew: [Par Eden Space, Par Survivor Space]
    Garbage Collector: ConcurrentMarkSweep: [Par Eden Space, Par Survivor Space, CMS Old Gen, CMS Perm Gen]
    Memory Pool: Code Cache (Non-heap memory): committed=3.50 MB, used=3.40 MB, max=48.00 MB, threshold=0.00 B
    Memory Pool: Par Eden Space (Heap memory): committed=16.63 MB, used=15.25 MB, max=50.00 MB, threshold=?
    Memory Pool: Par Survivor Space (Heap memory): committed=2.06 MB, used=997.76 kB, max=6.25 MB, threshold=?
    Memory Pool: CMS Old Gen (Heap memory): committed=62.38 MB, used=30.74 MB, max=437.50 MB, threshold=0.00 B
    Memory Pool: CMS Perm Gen (Non-heap memory): committed=53.43 MB, used=35.63 MB, max=82.00 MB, threshold=0.00 B
2012-07-11 20:05:52.346+0000: Operating system information:
    Operating System: Mac OS X; version: 10.7.4; arch: x86_64; cpus: 8
    Max number of file descriptors: 10240
    Number of open file descriptors: 103
    Process id: 30733@US-JCHENA01-OSX.local
    Byte order: LITTLE_ENDIAN
2012-07-11 20:05:52.351+0000: JVM information:
    VM Name: Java HotSpot(TM) 64-Bit Server VM
    VM Vendor: Apple Inc.
    VM Version: 20.6-b01-415
    JIT compiler: HotSpot 64-Bit Tiered Compilers
    VM Arguments: [-Djdk.home=, -Djruby.home=/Users/jacquelinechenault/.rvm/rubies/jruby-1.6.7, -Djruby.script=jruby, -Djruby.shell=/bin/sh, -Djffi.boot.library.path=/Users/jacquelinechenault/.rvm/rubies/jruby-1.6.7/lib/native/Darwin, -Xmx500m, -Xss2048k, -Djruby.memory.max=500m, -Djruby.stack.max=2048k, -Xbootclasspath/a:/Users/jacquelinechenault/.rvm/rubies/jruby-1.6.7/lib/jruby.jar, -Dfile.encoding=UTF-8]
2012-07-11 20:05:52.352+0000: Java classpath:
     [bootstrap] /System/Library/Java/JavaVirtualMachines/1.6.0.jdk/Contents/Classes/charsets.jar
     [bootstrap] /System/Library/Frameworks/JavaVM.framework/Versions/A/Frameworks/JavaRuntimeSupport.framework/Versions/A/Resources/Java/JavaRuntimeSupport.jar
     [loader.3] file:/System/Library/Java/Extensions/dns_sd.jar
     [loader.3] file:/System/Library/Java/Extensions/MRJToolkit.jar
     [loader.0] file:/Users/jacquelinechenault/.rvm/gems/jruby-1.6.7/gems/neo4j-community-1.7.1-java/lib/neo4j-community/jars/lucene-core-3.5.0.jar
     [loader.3] file:/System/Library/Java/Extensions/vecmath.jar
     [loader.3] file:/System/Library/Java/Extensions/libmlib_jai.jnilib
     [loader.0] file:/Users/jacquelinechenault/.rvm/gems/jruby-1.6.7/gems/neo4j-community-1.7.1-java/lib/neo4j-community/jars/server-api-1.7.1.jar
     [loader.0] file:/Users/jacquelinechenault/.rvm/gems/jruby-1.6.7/gems/neo4j-community-1.7.1-java/lib/neo4j-community/jars/neo4j-kernel-1.7.1.jar
     [loader.0] file:/Users/jacquelinechenault/.rvm/gems/jruby-1.6.7/gems/neo4j-community-1.7.1-java/lib/neo4j-community/jars/geronimo-jta_1.1_spec-1.1.1.jar
     [loader.3] file:/System/Library/Java/JavaVirtualMachines/1.6.0.jdk/Contents/Home/lib/ext/dnsns.jar
     [bootstrap] /System/Library/Java/JavaVirtualMachines/1.6.0.jdk/Contents/Classes/laf.jar
     [loader.3] file:/System/Library/Java/Extensions/libJ3D.jnilib
     [loader.0] file:/Users/jacquelinechenault/.rvm/gems/jruby-1.6.7/gems/neo4j-community-1.7.1-java/lib/neo4j-community/jars/neo4j-lucene-index-1.7.1.jar
     [loader.3] file:/System/Library/Java/Extensions/mlibwrapper_jai.jar
     [bootstrap] /System/Library/Java/JavaVirtualMachines/1.6.0.jdk/Contents/Classes/classes.jar
     [loader.3] file:/System/Library/Java/JavaVirtualMachines/1.6.0.jdk/Contents/Home/lib/ext/localedata.jar
     [loader.0] file:/Users/jacquelinechenault/.rvm/gems/jruby-1.6.7/gems/neo4j-community-1.7.1-java/lib/neo4j-community/jars/scala-library-2.9.0-1.jar
     [loader.3] file:/System/Library/Java/Extensions/QTJava.zip
     [loader.0] file:/Users/jacquelinechenault/.rvm/gems/jruby-1.6.7/gems/neo4j-community-1.7.1-java/lib/neo4j-community/jars/neo4j-shell-1.7.1.jar
     [bootstrap] /Users/jacquelinechenault/.rvm/rubies/jruby-1.6.7/lib/jruby.jar
     [loader.0] file:/Users/jacquelinechenault/.rvm/gems/jruby-1.6.7/gems/neo4j-community-1.7.1-java/lib/neo4j-community/jars/neo4j-udc-1.7.1.jar
     [loader.0] file:/Users/jacquelinechenault/.rvm/gems/jruby-1.6.7/gems/neo4j-community-1.7.1-java/lib/neo4j-community/jars/neo4j-graph-matching-1.7.1.jar
     [bootstrap] /System/Library/Java/JavaVirtualMachines/1.6.0.jdk/Contents/Classes/ui.jar
     [loader.3] file:/System/Library/Java/Extensions/libAppleScriptEngine.jnilib
     [loader.3] file:/System/Library/Java/Extensions/libJ3DAudio.jnilib
     [loader.3] file:/System/Library/Java/Extensions/j3daudio.jar
     [loader.3] file:/System/Library/Java/Extensions/libJ3DUtils.jnilib
     [loader.3] file:/System/Library/Java/Extensions/libQTJNative.jnilib
     [loader.3] file:/System/Library/Java/Extensions/j3dcore.jar
     [classpath] /Users/jacquelinechenault/Dropbox/Hungry Academy/Projects/tree/neo4jrails
     [loader.0] file:/Users/jacquelinechenault/.rvm/gems/jruby-1.6.7/gems/neo4j-community-1.7.1-java/lib/neo4j-community/jars/neo4j-cypher-1.7.1.jar
     [bootstrap] /System/Library/Java/JavaVirtualMachines/1.6.0.jdk/Contents/Classes/sunrsasign.jar
     [loader.3] file:/System/Library/Java/Extensions/j3dutils.jar
     [loader.3] file:/System/Library/Java/Extensions/jai_core.jar
     [loader.3] file:/System/Library/Java/Extensions/jai_codec.jar
     [loader.0] file:/Users/jacquelinechenault/.rvm/gems/jruby-1.6.7/gems/neo4j-community-1.7.1-java/lib/neo4j-community/jars/org.apache.servicemix.bundles.jline-0.9.94_1.jar
     [loader.0] file:/Users/jacquelinechenault/.rvm/gems/jruby-1.6.7/gems/neo4j-community-1.7.1-java/lib/neo4j-community/jars/neo4j-jmx-1.7.1.jar
     [loader.0] file:/Users/jacquelinechenault/.rvm/gems/jruby-1.6.7/gems/neo4j-community-1.7.1-java/lib/neo4j-community/jars/neo4j-graph-algo-1.7.1.jar
     [loader.3] file:/System/Library/Java/JavaVirtualMachines/1.6.0.jdk/Contents/Home/lib/ext/sunjce_provider.jar
     [loader.0] file:/Users/jacquelinechenault/.rvm/gems/jruby-1.6.7/gems/json-1.7.3-java/lib/json/ext/generator.jar
     [bootstrap] /System/Library/Java/JavaVirtualMachines/1.6.0.jdk/Contents/Home/lib/jce.jar
     [bootstrap] /System/Library/Java/JavaVirtualMachines/1.6.0.jdk/Contents/Classes/jsse.jar
     [loader.3] file:/System/Library/Java/Extensions/AppleScriptEngine.jar
     [bootstrap] /System/Library/Java/JavaVirtualMachines/1.6.0.jdk/Contents/Classes/jsfd.jar
     [loader.3] file:/System/Library/Java/JavaVirtualMachines/1.6.0.jdk/Contents/Home/lib/ext/apple_provider.jar
     [loader.0] file:/Users/jacquelinechenault/.rvm/gems/jruby-1.6.7/gems/json-1.7.3-java/lib/json/ext/parser.jar
     [loader.3] file:/System/Library/Java/JavaVirtualMachines/1.6.0.jdk/Contents/Home/lib/ext/sunpkcs11.jar
     [loader.2] file:/Users/jacquelinechenault/Dropbox/Hungry%20Academy/Projects/tree/neo4jrails/
2012-07-11 20:05:52.355+0000: Library path:
    /Users/jacquelinechenault/Dropbox/Hungry Academy/Projects/tree/neo4jrails
    /Library/Java/Extensions
    /System/Library/Java/Extensions
    /usr/lib/java
2012-07-11 20:05:52.356+0000: System.properties:
    jruby.home = /Users/jacquelinechenault/.rvm/rubies/jruby-1.6.7
    sun.boot.library.path = /System/Library/Java/JavaVirtualMachines/1.6.0.jdk/Contents/Libraries
    awt.nativeDoubleBuffering = true
    gopherProxySet = false
    mrj.build = 11M3646
    path.separator = :
    file.encoding.pkg = sun.io
    sun.java.launcher = SUN_STANDARD
    user.country = US
    sun.os.patch.level = unknown
    user.dir = /Users/jacquelinechenault/Dropbox/Hungry Academy/Projects/tree/neo4jrails
    jdk.home = 
    sun.jnu.encoding = MacRoman
    jruby.memory.max = 500m
    sun.management.compiler = HotSpot 64-Bit Tiered Compilers
    http.nonProxyHosts = local|*.local|169.254/16|*.169.254/16
    jffi.boot.library.path = /Users/jacquelinechenault/.rvm/rubies/jruby-1.6.7/lib/native/Darwin
    user.home = /Users/jacquelinechenault
    user.timezone = America/New_York
    file.encoding = UTF-8
    jruby.stack.max = 2048k
    jruby.script = jruby
    user.name = jacquelinechenault
    jruby.shell = /bin/sh
    sun.java.command = org/jruby/Main --1.9 /Users/jacquelinechenault/.rvm/gems/jruby-1.6.7/bin/rails s
    sun.arch.data.model = 64
    user.language = en
    awt.toolkit = apple.awt.CToolkit
    file.separator = /
    sun.io.unicode.encoding = UnicodeLittle
    sun.cpu.endian = little
    mrj.version = 1070.1.6.0_31-415
    socksNonProxyHosts = local|*.local|169.254/16|*.169.254/16
    ftp.nonProxyHosts = local|*.local|169.254/16|*.169.254/16
    sun.cpu.isalist = 
2012-07-11 20:05:52.357+0000: --- STARTUP diagnostics END ---
2012-07-11 20:05:52.418+0000: Extension org.neo4j.kernel.KernelExtension[kernel jmx] loaded ok
2012-07-11 20:05:52.521+0000: Extension org.neo4j.kernel.KernelExtension[shell] loaded ok
2012-07-11 20:05:52.527+0000: Extension org.neo4j.kernel.KernelExtension[kernel udc] loaded ok
2012-07-11 20:05:52.530+0000: --- STARTUP diagnostics for KernelDiagnostics:Versions START ---
2012-07-11 20:05:52.530+0000: Graph Database: org.neo4j.kernel.EmbeddedGraphDatabase StoreId[time:1342037152166, id:-7912449125885966461, store version: 13561656364791302]
2012-07-11 20:05:52.530+0000: Kernel version: Neo4j - Graph Database Kernel 1.7.1
2012-07-11 20:05:52.531+0000: Neo4j component versions:
2012-07-11 20:05:52.531+0000:   Neo4j - Graph Database Kernel 1.7.1
2012-07-11 20:05:52.531+0000: --- STARTUP diagnostics for KernelDiagnostics:Versions END ---
2012-07-11 20:05:52.534+0000: --- STARTUP diagnostics for NEO_STORE_VERSIONS START ---
2012-07-11 20:05:52.535+0000: Store versions:
    Store versions:
      NeoStore v0.A.0
      NodeStore v0.A.0
      RelationshipStore v0.A.0
      RelationshipTypeStore v0.A.0
      PropertyStore v0.A.0
      PropertyIndexStore v0.A.0
      StringPropertyStore v0.A.0
      ArrayPropertyStore v0.A.0
2012-07-11 20:05:52.535+0000: --- STARTUP diagnostics for NEO_STORE_VERSIONS END ---
2012-07-11 20:05:52.535+0000: --- STARTUP diagnostics for NEO_STORE_ID_USAGE START ---
2012-07-11 20:05:52.535+0000: Id usage:
    Id usage:
      NodeStore: used=1 high=0
      RelationshipStore: used=0 high=-1
      RelationshipTypeStore: used=0 high=-1
      PropertyStore: used=0 high=-1
      PropertyIndexStore: used=0 high=-1
      StringPropertyStore: used=1 high=0
      ArrayPropertyStore: used=1 high=0
2012-07-11 20:05:52.536+0000: --- STARTUP diagnostics for NEO_STORE_ID_USAGE END ---
2012-07-11 20:05:52.536+0000: --- STARTUP diagnostics for KernelDiagnostics:StoreFiles START ---
2012-07-11 20:05:52.536+0000: Storage files:
    active_tx_log: 11.00 B
    index:
      lucene-store.db: 40.00 B
      lucene.log.1: 16.00 B
      lucene.log.active: 4.00 B
    - Total: 60.00 B
    lock: 0.00 B
    messages.log: 14.09 kB
    neostore: 54.00 B
    neostore.id: 9.00 B
    neostore.nodestore.db: 9.00 B
    neostore.nodestore.db.id: 9.00 B
    neostore.propertystore.db: 0.00 B
    neostore.propertystore.db.arrays: 128.00 B
    neostore.propertystore.db.arrays.id: 9.00 B
    neostore.propertystore.db.id: 9.00 B
    neostore.propertystore.db.index: 0.00 B
    neostore.propertystore.db.index.id: 9.00 B
    neostore.propertystore.db.index.keys: 38.00 B
    neostore.propertystore.db.index.keys.id: 9.00 B
    neostore.propertystore.db.strings: 128.00 B
    neostore.propertystore.db.strings.id: 9.00 B
    neostore.relationshipstore.db: 0.00 B
    neostore.relationshipstore.db.id: 9.00 B
    neostore.relationshiptypestore.db: 0.00 B
    neostore.relationshiptypestore.db.id: 9.00 B
    neostore.relationshiptypestore.db.names: 38.00 B
    neostore.relationshiptypestore.db.names.id: 9.00 B
    nioneo_logical.log.1: 16.00 B
    nioneo_logical.log.active: 4.00 B
    tm_tx_log.1: 0.00 B
2012-07-11 20:05:52.538+0000: --- STARTUP diagnostics for KernelDiagnostics:StoreFiles END ---
2012-07-11 20:05:52.540+0000: Started - database is now available
2012-07-11 20:05:52.540+0000: GC Monitor started. 
2012-07-11 20:06:56.934+0000: Stopping - database is now unavailable
2012-07-11 20:06:56.936+0000: TM shutting down
2012-07-11 20:06:56.938+0000: Closed log /Users/jacquelinechenault/Dropbox/Hungry Academy/Projects/tree/neo4jrails/db/neo4j-development/index/lucene.log
2012-07-11 20:06:56.939+0000: Closed log /Users/jacquelinechenault/Dropbox/Hungry Academy/Projects/tree/neo4jrails/db/neo4j-development/nioneo_logical.log
2012-07-11 20:06:56.949+0000: NeoStore closed
2012-07-11 20:06:56.949+0000: --- SHUTDOWN diagnostics START ---
2012-07-11 20:06:56.949+0000: --- SHUTDOWN diagnostics END ---
2012-07-11 20:14:26.403+0000: WARNING! Deprecated configuration options used. See manual for details
2012-07-11 20:14:26.405+0000: enable_online_backup has been replaced with online_backup_enabled and online_backup_port
2012-07-11 20:14:26.509+0000: Opened [/Users/jacquelinechenault/Dropbox/Hungry Academy/Projects/tree/neo4jrails/db/neo4j-development/nioneo_logical.log.1] clean empty log, version=0, lastTxId=1
2012-07-11 20:14:26.523+0000: TM opening log: /Users/jacquelinechenault/Dropbox/Hungry Academy/Projects/tree/neo4jrails/db/neo4j-development/tm_tx_log.1
2012-07-11 20:14:26.557+0000: Opened [/Users/jacquelinechenault/Dropbox/Hungry Academy/Projects/tree/neo4jrails/db/neo4j-development/index/lucene.log.1] clean empty log, version=0, lastTxId=1
2012-07-11 20:14:26.560+0000: --- STARTUP diagnostics START ---
2012-07-11 20:14:26.561+0000: Neo4j Kernel properties:
    read_only=false
    neo4j.ext.udc.host=udc.neo4j.org
    logical_log=/Users/jacquelinechenault/Dropbox/Hungry Academy/Projects/tree/neo4jrails/db/neo4j-development/nioneo_logical.log
    min_node_cache_size=0
    intercept_committing_transactions=false
    node_auto_indexing=false
    remote_shell_name=shell
    cache_type=soft
    intercept_deserialized_transactions=false
    ha.db=NO
    use_adaptive_cache=YES
    lucene_searcher_cache_size=2147483647
    neo4j.ext.udc.interval=86400000
    use_memory_mapped_buffers=true
    ha.coordinators=localhost:2181,localhost:2182,localhost:2183
    timestamps=YES
    rebuild_idgenerators_fast=true
    neostore.propertystore.db.index.keys.mapped_memory=1M
    max_node_cache_size=1500
    neostore.propertystore.db.strings.mapped_memory=130M
    neostore.propertystore.db.arrays.mapped_memory=130M
    gcr_cache_min_log_interval=60s
    relationship_grab_size=100
    relationship_auto_indexing=false
    remote_shell_read_only=false
    lucene_writer_cache_size=2147483647
    storage_path=/Users/jacquelinechenault/Dropbox/Hungry Academy/Projects/tree/neo4jrails/db/neo4j-development
    node_cache_array_fraction=1.0
    allow_store_upgrade=false
    execution_guard_enabled=false
    relationship_cache_array_fraction=1.0
    migration_thread=NO
    remote_logging_host=127.0.0.1
    store_dir=/Users/jacquelinechenault/Dropbox/Hungry Academy/Projects/tree/neo4jrails/db/neo4j-development
    remote_logging_port=4560
    enable_rules=YES
    gc_monitor_threshold=200ms
    load_kernel_extensions=true
    array_block_size=120
    neostore.relationshipstore.db.mapped_memory=50M
    dump_configuration=false
    gc_monitor_wait_time=100ms
    neostore.nodestore.db.mapped_memory=25M
    neo4j.ext.udc.first_delay=600000
    remote_shell_enabled=true
    min_relationship_cache_size=0
    max_relationship_cache_size=3500
    neo4j.ext.udc.reg=unreg
    remote_shell_port=9332
    adaptive_cache_heap_ratio=0.77
    identity_map=YES
    adaptive_cache_manager_decrease_ratio=1.15
    ha.server_id=2
    neo_store=/Users/jacquelinechenault/Dropbox/Hungry Academy/Projects/tree/neo4jrails/db/neo4j-development/neostore
    adaptive_cache_worker_sleep_time=3000
    neostore.propertystore.db.index.mapped_memory=1M
    adaptive_cache_manager_increase_ratio=1.1
    backup_slave=false
    neostore.propertystore.db.mapped_memory=90M
    string_block_size=120
    grab_file_lock=true
    remote_logging_enabled=false
    ha.server=localhost:6002
    neo4j.ext.udc.enabled=true
2012-07-11 20:14:26.566+0000: Diagnostics providers:
    org.neo4j.kernel.configuration.Config
    org.neo4j.kernel.info.DiagnosticsManager
    SYSTEM_MEMORY
    JAVA_MEMORY
    OPERATING_SYSTEM
    JAVA_VIRTUAL_MACHINE
    CLASSPATH
    LIBRARY_PATH
    SYSTEM_PROPERTIES
2012-07-11 20:14:26.567+0000: System memory information:
    Total Physical memory: 8.00 GB
    Free Physical memory: 404.48 MB
    Committed virtual memory: 3.24 GB
    Total swap space: 256.00 MB
    Free swap space: 240.22 MB
2012-07-11 20:14:26.574+0000: JVM memory information:
    Free  memory: 47.10 MB
    Total memory: 81.06 MB
    Max   memory: 493.75 MB
    Garbage Collector: ParNew: [Par Eden Space, Par Survivor Space]
    Garbage Collector: ConcurrentMarkSweep: [Par Eden Space, Par Survivor Space, CMS Old Gen, CMS Perm Gen]
    Memory Pool: Code Cache (Non-heap memory): committed=3.32 MB, used=3.20 MB, max=48.00 MB, threshold=0.00 B
    Memory Pool: Par Eden Space (Heap memory): committed=16.63 MB, used=3.31 MB, max=50.00 MB, threshold=?
    Memory Pool: Par Survivor Space (Heap memory): committed=2.06 MB, used=1.67 MB, max=6.25 MB, threshold=?
    Memory Pool: CMS Old Gen (Heap memory): committed=62.38 MB, used=28.98 MB, max=437.50 MB, threshold=0.00 B
    Memory Pool: CMS Perm Gen (Non-heap memory): committed=34.63 MB, used=34.51 MB, max=82.00 MB, threshold=0.00 B
2012-07-11 20:14:26.581+0000: Operating system information:
    Operating System: Mac OS X; version: 10.7.4; arch: x86_64; cpus: 8
    Max number of file descriptors: 10240
    Number of open file descriptors: 73
    Process id: 31065@US-JCHENA01-OSX.local
    Byte order: LITTLE_ENDIAN
2012-07-11 20:14:26.590+0000: JVM information:
    VM Name: Java HotSpot(TM) 64-Bit Server VM
    VM Vendor: Apple Inc.
    VM Version: 20.6-b01-415
    JIT compiler: HotSpot 64-Bit Tiered Compilers
    VM Arguments: [-Djdk.home=, -Djruby.home=/Users/jacquelinechenault/.rvm/rubies/jruby-1.6.7, -Djruby.script=jruby, -Djruby.shell=/bin/sh, -Djffi.boot.library.path=/Users/jacquelinechenault/.rvm/rubies/jruby-1.6.7/lib/native/Darwin, -Xmx500m, -Xss2048k, -Djruby.memory.max=500m, -Djruby.stack.max=2048k, -Xbootclasspath/a:/Users/jacquelinechenault/.rvm/rubies/jruby-1.6.7/lib/jruby.jar, -Dfile.encoding=UTF-8]
2012-07-11 20:14:26.591+0000: Java classpath:
     [bootstrap] /System/Library/Java/JavaVirtualMachines/1.6.0.jdk/Contents/Classes/charsets.jar
     [bootstrap] /System/Library/Frameworks/JavaVM.framework/Versions/A/Frameworks/JavaRuntimeSupport.framework/Versions/A/Resources/Java/JavaRuntimeSupport.jar
     [loader.3] file:/System/Library/Java/Extensions/dns_sd.jar
     [loader.3] file:/System/Library/Java/Extensions/MRJToolkit.jar
     [loader.0] file:/Users/jacquelinechenault/.rvm/gems/jruby-1.6.7/gems/neo4j-community-1.7.1-java/lib/neo4j-community/jars/lucene-core-3.5.0.jar
     [loader.3] file:/System/Library/Java/Extensions/vecmath.jar
     [loader.3] file:/System/Library/Java/Extensions/libmlib_jai.jnilib
     [loader.0] file:/Users/jacquelinechenault/.rvm/gems/jruby-1.6.7/gems/neo4j-community-1.7.1-java/lib/neo4j-community/jars/server-api-1.7.1.jar
     [loader.0] file:/Users/jacquelinechenault/.rvm/gems/jruby-1.6.7/gems/neo4j-community-1.7.1-java/lib/neo4j-community/jars/neo4j-kernel-1.7.1.jar
     [loader.0] file:/Users/jacquelinechenault/.rvm/gems/jruby-1.6.7/gems/neo4j-community-1.7.1-java/lib/neo4j-community/jars/geronimo-jta_1.1_spec-1.1.1.jar
     [loader.3] file:/System/Library/Java/JavaVirtualMachines/1.6.0.jdk/Contents/Home/lib/ext/dnsns.jar
     [bootstrap] /System/Library/Java/JavaVirtualMachines/1.6.0.jdk/Contents/Classes/laf.jar
     [loader.3] file:/System/Library/Java/Extensions/libJ3D.jnilib
     [loader.0] file:/Users/jacquelinechenault/.rvm/gems/jruby-1.6.7/gems/neo4j-community-1.7.1-java/lib/neo4j-community/jars/neo4j-lucene-index-1.7.1.jar
     [loader.3] file:/System/Library/Java/Extensions/mlibwrapper_jai.jar
     [bootstrap] /System/Library/Java/JavaVirtualMachines/1.6.0.jdk/Contents/Classes/classes.jar
     [loader.3] file:/System/Library/Java/JavaVirtualMachines/1.6.0.jdk/Contents/Home/lib/ext/localedata.jar
     [loader.0] file:/Users/jacquelinechenault/.rvm/gems/jruby-1.6.7/gems/neo4j-community-1.7.1-java/lib/neo4j-community/jars/scala-library-2.9.0-1.jar
     [loader.3] file:/System/Library/Java/Extensions/QTJava.zip
     [loader.0] file:/Users/jacquelinechenault/.rvm/gems/jruby-1.6.7/gems/neo4j-community-1.7.1-java/lib/neo4j-community/jars/neo4j-shell-1.7.1.jar
     [bootstrap] /Users/jacquelinechenault/.rvm/rubies/jruby-1.6.7/lib/jruby.jar
     [loader.0] file:/Users/jacquelinechenault/.rvm/gems/jruby-1.6.7/gems/neo4j-community-1.7.1-java/lib/neo4j-community/jars/neo4j-udc-1.7.1.jar
     [loader.0] file:/Users/jacquelinechenault/.rvm/gems/jruby-1.6.7/gems/neo4j-community-1.7.1-java/lib/neo4j-community/jars/neo4j-graph-matching-1.7.1.jar
     [bootstrap] /System/Library/Java/JavaVirtualMachines/1.6.0.jdk/Contents/Classes/ui.jar
     [loader.3] file:/System/Library/Java/Extensions/libAppleScriptEngine.jnilib
     [loader.3] file:/System/Library/Java/Extensions/libJ3DAudio.jnilib
     [loader.3] file:/System/Library/Java/Extensions/j3daudio.jar
     [loader.3] file:/System/Library/Java/Extensions/libJ3DUtils.jnilib
     [loader.3] file:/System/Library/Java/Extensions/libQTJNative.jnilib
     [loader.3] file:/System/Library/Java/Extensions/j3dcore.jar
     [classpath] /Users/jacquelinechenault/Dropbox/Hungry Academy/Projects/tree/neo4jrails
     [loader.0] file:/Users/jacquelinechenault/.rvm/gems/jruby-1.6.7/gems/neo4j-community-1.7.1-java/lib/neo4j-community/jars/neo4j-cypher-1.7.1.jar
     [bootstrap] /System/Library/Java/JavaVirtualMachines/1.6.0.jdk/Contents/Classes/sunrsasign.jar
     [loader.3] file:/System/Library/Java/Extensions/j3dutils.jar
     [loader.3] file:/System/Library/Java/Extensions/jai_core.jar
     [loader.3] file:/System/Library/Java/Extensions/jai_codec.jar
     [loader.0] file:/Users/jacquelinechenault/.rvm/gems/jruby-1.6.7/gems/neo4j-community-1.7.1-java/lib/neo4j-community/jars/org.apache.servicemix.bundles.jline-0.9.94_1.jar
     [loader.0] file:/Users/jacquelinechenault/.rvm/gems/jruby-1.6.7/gems/neo4j-community-1.7.1-java/lib/neo4j-community/jars/neo4j-jmx-1.7.1.jar
     [loader.0] file:/Users/jacquelinechenault/.rvm/gems/jruby-1.6.7/gems/neo4j-community-1.7.1-java/lib/neo4j-community/jars/neo4j-graph-algo-1.7.1.jar
     [loader.3] file:/System/Library/Java/JavaVirtualMachines/1.6.0.jdk/Contents/Home/lib/ext/sunjce_provider.jar
     [loader.0] file:/Users/jacquelinechenault/.rvm/gems/jruby-1.6.7/gems/json-1.7.3-java/lib/json/ext/generator.jar
     [bootstrap] /System/Library/Java/JavaVirtualMachines/1.6.0.jdk/Contents/Home/lib/jce.jar
     [bootstrap] /System/Library/Java/JavaVirtualMachines/1.6.0.jdk/Contents/Classes/jsse.jar
     [loader.3] file:/System/Library/Java/Extensions/AppleScriptEngine.jar
     [bootstrap] /System/Library/Java/JavaVirtualMachines/1.6.0.jdk/Contents/Classes/jsfd.jar
     [loader.3] file:/System/Library/Java/JavaVirtualMachines/1.6.0.jdk/Contents/Home/lib/ext/apple_provider.jar
     [loader.0] file:/Users/jacquelinechenault/.rvm/gems/jruby-1.6.7/gems/json-1.7.3-java/lib/json/ext/parser.jar
     [loader.3] file:/System/Library/Java/JavaVirtualMachines/1.6.0.jdk/Contents/Home/lib/ext/sunpkcs11.jar
     [loader.2] file:/Users/jacquelinechenault/Dropbox/Hungry%20Academy/Projects/tree/neo4jrails/
2012-07-11 20:14:26.592+0000: Library path:
    /Users/jacquelinechenault/Dropbox/Hungry Academy/Projects/tree/neo4jrails
    /Library/Java/Extensions
    /System/Library/Java/Extensions
    /usr/lib/java
2012-07-11 20:14:26.592+0000: System.properties:
    jruby.home = /Users/jacquelinechenault/.rvm/rubies/jruby-1.6.7
    sun.boot.library.path = /System/Library/Java/JavaVirtualMachines/1.6.0.jdk/Contents/Libraries
    awt.nativeDoubleBuffering = true
    gopherProxySet = false
    mrj.build = 11M3646
    path.separator = :
    file.encoding.pkg = sun.io
    sun.java.launcher = SUN_STANDARD
    user.country = US
    sun.os.patch.level = unknown
    user.dir = /Users/jacquelinechenault/Dropbox/Hungry Academy/Projects/tree/neo4jrails
    jdk.home = 
    sun.jnu.encoding = MacRoman
    jruby.memory.max = 500m
    sun.management.compiler = HotSpot 64-Bit Tiered Compilers
    http.nonProxyHosts = local|*.local|169.254/16|*.169.254/16
    jffi.boot.library.path = /Users/jacquelinechenault/.rvm/rubies/jruby-1.6.7/lib/native/Darwin
    user.home = /Users/jacquelinechenault
    user.timezone = America/New_York
    file.encoding = UTF-8
    jruby.stack.max = 2048k
    jruby.script = jruby
    user.name = jacquelinechenault
    jruby.shell = /bin/sh
    sun.java.command = org/jruby/Main --1.9 /Users/jacquelinechenault/.rvm/gems/jruby-1.6.7/bin/rails c
    sun.arch.data.model = 64
    user.language = en
    awt.toolkit = apple.awt.CToolkit
    file.separator = /
    sun.io.unicode.encoding = UnicodeLittle
    sun.cpu.endian = little
    mrj.version = 1070.1.6.0_31-415
    socksNonProxyHosts = local|*.local|169.254/16|*.169.254/16
    ftp.nonProxyHosts = local|*.local|169.254/16|*.169.254/16
    sun.cpu.isalist = 
2012-07-11 20:14:26.593+0000: --- STARTUP diagnostics END ---
2012-07-11 20:14:26.648+0000: Extension org.neo4j.kernel.KernelExtension[kernel jmx] loaded ok
2012-07-11 20:14:26.985+0000: Extension org.neo4j.kernel.KernelExtension[shell] loaded ok
2012-07-11 20:14:26.989+0000: Extension org.neo4j.kernel.KernelExtension[kernel udc] loaded ok
2012-07-11 20:14:26.992+0000: --- STARTUP diagnostics for KernelDiagnostics:Versions START ---
2012-07-11 20:14:26.992+0000: Graph Database: org.neo4j.kernel.EmbeddedGraphDatabase StoreId[time:1342037152166, id:-7912449125885966461, store version: 13561656364791302]
2012-07-11 20:14:26.992+0000: Kernel version: Neo4j - Graph Database Kernel 1.7.1
2012-07-11 20:14:26.992+0000: Neo4j component versions:
2012-07-11 20:14:26.992+0000:   Neo4j - Graph Database Kernel 1.7.1
2012-07-11 20:14:26.992+0000: --- STARTUP diagnostics for KernelDiagnostics:Versions END ---
2012-07-11 20:14:26.995+0000: --- STARTUP diagnostics for NEO_STORE_VERSIONS START ---
2012-07-11 20:14:26.995+0000: Store versions:
    Store versions:
      NeoStore v0.A.0
      NodeStore v0.A.0
      RelationshipStore v0.A.0
      RelationshipTypeStore v0.A.0
      PropertyStore v0.A.0
      PropertyIndexStore v0.A.0
      StringPropertyStore v0.A.0
      ArrayPropertyStore v0.A.0
2012-07-11 20:14:26.995+0000: --- STARTUP diagnostics for NEO_STORE_VERSIONS END ---
2012-07-11 20:14:26.995+0000: --- STARTUP diagnostics for NEO_STORE_ID_USAGE START ---
2012-07-11 20:14:26.995+0000: Id usage:
    Id usage:
      NodeStore: used=1 high=0
      RelationshipStore: used=0 high=-1
      RelationshipTypeStore: used=0 high=-1
      PropertyStore: used=0 high=-1
      PropertyIndexStore: used=0 high=-1
      StringPropertyStore: used=1 high=0
      ArrayPropertyStore: used=1 high=0
2012-07-11 20:14:26.996+0000: --- STARTUP diagnostics for NEO_STORE_ID_USAGE END ---
2012-07-11 20:14:26.996+0000: --- STARTUP diagnostics for KernelDiagnostics:StoreFiles START ---
2012-07-11 20:14:26.996+0000: Storage files:
    active_tx_log: 11.00 B
    index:
      lucene-store.db: 40.00 B
      lucene.log.1: 16.00 B
      lucene.log.active: 4.00 B
    - Total: 60.00 B
    lock: 0.00 B
    messages.log: 30.28 kB
    neostore: 54.00 B
    neostore.id: 9.00 B
    neostore.nodestore.db: 9.00 B
    neostore.nodestore.db.id: 9.00 B
    neostore.propertystore.db: 0.00 B
    neostore.propertystore.db.arrays: 128.00 B
    neostore.propertystore.db.arrays.id: 9.00 B
    neostore.propertystore.db.id: 9.00 B
    neostore.propertystore.db.index: 0.00 B
    neostore.propertystore.db.index.id: 9.00 B
    neostore.propertystore.db.index.keys: 38.00 B
    neostore.propertystore.db.index.keys.id: 9.00 B
    neostore.propertystore.db.strings: 128.00 B
    neostore.propertystore.db.strings.id: 9.00 B
    neostore.relationshipstore.db: 0.00 B
    neostore.relationshipstore.db.id: 9.00 B
    neostore.relationshiptypestore.db: 0.00 B
    neostore.relationshiptypestore.db.id: 9.00 B
    neostore.relationshiptypestore.db.names: 38.00 B
    neostore.relationshiptypestore.db.names.id: 9.00 B
    nioneo_logical.log.1: 16.00 B
    nioneo_logical.log.active: 4.00 B
    tm_tx_log.1: 0.00 B
2012-07-11 20:14:26.997+0000: --- STARTUP diagnostics for KernelDiagnostics:StoreFiles END ---
2012-07-11 20:14:26.999+0000: Started - database is now available
2012-07-11 20:14:26.999+0000: GC Monitor started. 
2012-07-11 20:15:04.696+0000: Stopping - database is now unavailable
2012-07-11 20:15:04.698+0000: TM shutting down
2012-07-11 20:15:04.699+0000: Closed log /Users/jacquelinechenault/Dropbox/Hungry Academy/Projects/tree/neo4jrails/db/neo4j-development/index/lucene.log
2012-07-11 20:15:04.700+0000: Closed log /Users/jacquelinechenault/Dropbox/Hungry Academy/Projects/tree/neo4jrails/db/neo4j-development/nioneo_logical.log
2012-07-11 20:15:04.706+0000: NeoStore closed
2012-07-11 20:15:04.706+0000: --- SHUTDOWN diagnostics START ---
2012-07-11 20:15:04.706+0000: --- SHUTDOWN diagnostics END ---
2012-07-11 20:15:17.215+0000: WARNING! Deprecated configuration options used. See manual for details
2012-07-11 20:15:17.218+0000: enable_online_backup has been replaced with online_backup_enabled and online_backup_port
2012-07-11 20:15:17.316+0000: Opened [/Users/jacquelinechenault/Dropbox/Hungry Academy/Projects/tree/neo4jrails/db/neo4j-development/nioneo_logical.log.1] clean empty log, version=0, lastTxId=5
2012-07-11 20:15:17.326+0000: TM opening log: /Users/jacquelinechenault/Dropbox/Hungry Academy/Projects/tree/neo4jrails/db/neo4j-development/tm_tx_log.1
2012-07-11 20:15:17.359+0000: Opened [/Users/jacquelinechenault/Dropbox/Hungry Academy/Projects/tree/neo4jrails/db/neo4j-development/index/lucene.log.1] clean empty log, version=0, lastTxId=1
2012-07-11 20:15:17.361+0000: --- STARTUP diagnostics START ---
2012-07-11 20:15:17.362+0000: Neo4j Kernel properties:
    read_only=false
    neo4j.ext.udc.host=udc.neo4j.org
    logical_log=/Users/jacquelinechenault/Dropbox/Hungry Academy/Projects/tree/neo4jrails/db/neo4j-development/nioneo_logical.log
    min_node_cache_size=0
    intercept_committing_transactions=false
    node_auto_indexing=false
    remote_shell_name=shell
    cache_type=soft
    intercept_deserialized_transactions=false
    ha.db=NO
    use_adaptive_cache=YES
    lucene_searcher_cache_size=2147483647
    neo4j.ext.udc.interval=86400000
    use_memory_mapped_buffers=true
    ha.coordinators=localhost:2181,localhost:2182,localhost:2183
    timestamps=YES
    rebuild_idgenerators_fast=true
    neostore.propertystore.db.index.keys.mapped_memory=1M
    max_node_cache_size=1500
    neostore.propertystore.db.strings.mapped_memory=130M
    neostore.propertystore.db.arrays.mapped_memory=130M
    gcr_cache_min_log_interval=60s
    relationship_grab_size=100
    relationship_auto_indexing=false
    remote_shell_read_only=false
    lucene_writer_cache_size=2147483647
    storage_path=/Users/jacquelinechenault/Dropbox/Hungry Academy/Projects/tree/neo4jrails/db/neo4j-development
    node_cache_array_fraction=1.0
    allow_store_upgrade=false
    execution_guard_enabled=false
    relationship_cache_array_fraction=1.0
    migration_thread=NO
    remote_logging_host=127.0.0.1
    store_dir=/Users/jacquelinechenault/Dropbox/Hungry Academy/Projects/tree/neo4jrails/db/neo4j-development
    remote_logging_port=4560
    enable_rules=YES
    gc_monitor_threshold=200ms
    load_kernel_extensions=true
    array_block_size=120
    neostore.relationshipstore.db.mapped_memory=50M
    dump_configuration=false
    gc_monitor_wait_time=100ms
    neostore.nodestore.db.mapped_memory=25M
    neo4j.ext.udc.first_delay=600000
    remote_shell_enabled=true
    min_relationship_cache_size=0
    max_relationship_cache_size=3500
    neo4j.ext.udc.reg=unreg
    remote_shell_port=9332
    adaptive_cache_heap_ratio=0.77
    identity_map=YES
    adaptive_cache_manager_decrease_ratio=1.15
    ha.server_id=2
    neo_store=/Users/jacquelinechenault/Dropbox/Hungry Academy/Projects/tree/neo4jrails/db/neo4j-development/neostore
    adaptive_cache_worker_sleep_time=3000
    neostore.propertystore.db.index.mapped_memory=1M
    adaptive_cache_manager_increase_ratio=1.1
    backup_slave=false
    neostore.propertystore.db.mapped_memory=90M
    string_block_size=120
    grab_file_lock=true
    remote_logging_enabled=false
    ha.server=localhost:6002
    neo4j.ext.udc.enabled=true
2012-07-11 20:15:17.366+0000: Diagnostics providers:
    org.neo4j.kernel.configuration.Config
    org.neo4j.kernel.info.DiagnosticsManager
    SYSTEM_MEMORY
    JAVA_MEMORY
    OPERATING_SYSTEM
    JAVA_VIRTUAL_MACHINE
    CLASSPATH
    LIBRARY_PATH
    SYSTEM_PROPERTIES
2012-07-11 20:15:17.367+0000: System memory information:
    Total Physical memory: 8.00 GB
    Free Physical memory: 416.04 MB
    Committed virtual memory: 3.23 GB
    Total swap space: 256.00 MB
    Free swap space: 240.22 MB
2012-07-11 20:15:17.373+0000: JVM memory information:
    Free  memory: 34.84 MB
    Total memory: 81.06 MB
    Max   memory: 493.75 MB
    Garbage Collector: ParNew: [Par Eden Space, Par Survivor Space]
    Garbage Collector: ConcurrentMarkSweep: [Par Eden Space, Par Survivor Space, CMS Old Gen, CMS Perm Gen]
    Memory Pool: Code Cache (Non-heap memory): committed=3.25 MB, used=3.16 MB, max=48.00 MB, threshold=0.00 B
    Memory Pool: Par Eden Space (Heap memory): committed=16.63 MB, used=16.12 MB, max=50.00 MB, threshold=?
    Memory Pool: Par Survivor Space (Heap memory): committed=2.06 MB, used=1.17 MB, max=6.25 MB, threshold=?
    Memory Pool: CMS Old Gen (Heap memory): committed=62.38 MB, used=28.92 MB, max=437.50 MB, threshold=0.00 B
    Memory Pool: CMS Perm Gen (Non-heap memory): committed=34.63 MB, used=34.54 MB, max=82.00 MB, threshold=0.00 B
2012-07-11 20:15:17.378+0000: Operating system information:
    Operating System: Mac OS X; version: 10.7.4; arch: x86_64; cpus: 8
    Max number of file descriptors: 10240
    Number of open file descriptors: 73
    Process id: 31139@US-JCHENA01-OSX.local
    Byte order: LITTLE_ENDIAN
2012-07-11 20:15:17.385+0000: JVM information:
    VM Name: Java HotSpot(TM) 64-Bit Server VM
    VM Vendor: Apple Inc.
    VM Version: 20.6-b01-415
    JIT compiler: HotSpot 64-Bit Tiered Compilers
    VM Arguments: [-Djdk.home=, -Djruby.home=/Users/jacquelinechenault/.rvm/rubies/jruby-1.6.7, -Djruby.script=jruby, -Djruby.shell=/bin/sh, -Djffi.boot.library.path=/Users/jacquelinechenault/.rvm/rubies/jruby-1.6.7/lib/native/Darwin, -Xmx500m, -Xss2048k, -Djruby.memory.max=500m, -Djruby.stack.max=2048k, -Xbootclasspath/a:/Users/jacquelinechenault/.rvm/rubies/jruby-1.6.7/lib/jruby.jar, -Dfile.encoding=UTF-8]
2012-07-11 20:15:17.386+0000: Java classpath:
     [bootstrap] /System/Library/Java/JavaVirtualMachines/1.6.0.jdk/Contents/Classes/charsets.jar
     [bootstrap] /System/Library/Frameworks/JavaVM.framework/Versions/A/Frameworks/JavaRuntimeSupport.framework/Versions/A/Resources/Java/JavaRuntimeSupport.jar
     [loader.3] file:/System/Library/Java/Extensions/dns_sd.jar
     [loader.3] file:/System/Library/Java/Extensions/MRJToolkit.jar
     [loader.0] file:/Users/jacquelinechenault/.rvm/gems/jruby-1.6.7/gems/neo4j-community-1.7.1-java/lib/neo4j-community/jars/lucene-core-3.5.0.jar
     [loader.3] file:/System/Library/Java/Extensions/vecmath.jar
     [loader.3] file:/System/Library/Java/Extensions/libmlib_jai.jnilib
     [loader.0] file:/Users/jacquelinechenault/.rvm/gems/jruby-1.6.7/gems/neo4j-community-1.7.1-java/lib/neo4j-community/jars/server-api-1.7.1.jar
     [loader.0] file:/Users/jacquelinechenault/.rvm/gems/jruby-1.6.7/gems/neo4j-community-1.7.1-java/lib/neo4j-community/jars/neo4j-kernel-1.7.1.jar
     [loader.0] file:/Users/jacquelinechenault/.rvm/gems/jruby-1.6.7/gems/neo4j-community-1.7.1-java/lib/neo4j-community/jars/geronimo-jta_1.1_spec-1.1.1.jar
     [loader.3] file:/System/Library/Java/JavaVirtualMachines/1.6.0.jdk/Contents/Home/lib/ext/dnsns.jar
     [bootstrap] /System/Library/Java/JavaVirtualMachines/1.6.0.jdk/Contents/Classes/laf.jar
     [loader.3] file:/System/Library/Java/Extensions/libJ3D.jnilib
     [loader.0] file:/Users/jacquelinechenault/.rvm/gems/jruby-1.6.7/gems/neo4j-community-1.7.1-java/lib/neo4j-community/jars/neo4j-lucene-index-1.7.1.jar
     [loader.3] file:/System/Library/Java/Extensions/mlibwrapper_jai.jar
     [bootstrap] /System/Library/Java/JavaVirtualMachines/1.6.0.jdk/Contents/Classes/classes.jar
     [loader.3] file:/System/Library/Java/JavaVirtualMachines/1.6.0.jdk/Contents/Home/lib/ext/localedata.jar
     [loader.0] file:/Users/jacquelinechenault/.rvm/gems/jruby-1.6.7/gems/neo4j-community-1.7.1-java/lib/neo4j-community/jars/scala-library-2.9.0-1.jar
     [loader.3] file:/System/Library/Java/Extensions/QTJava.zip
     [loader.0] file:/Users/jacquelinechenault/.rvm/gems/jruby-1.6.7/gems/neo4j-community-1.7.1-java/lib/neo4j-community/jars/neo4j-shell-1.7.1.jar
     [bootstrap] /Users/jacquelinechenault/.rvm/rubies/jruby-1.6.7/lib/jruby.jar
     [loader.0] file:/Users/jacquelinechenault/.rvm/gems/jruby-1.6.7/gems/neo4j-community-1.7.1-java/lib/neo4j-community/jars/neo4j-udc-1.7.1.jar
     [loader.0] file:/Users/jacquelinechenault/.rvm/gems/jruby-1.6.7/gems/neo4j-community-1.7.1-java/lib/neo4j-community/jars/neo4j-graph-matching-1.7.1.jar
     [bootstrap] /System/Library/Java/JavaVirtualMachines/1.6.0.jdk/Contents/Classes/ui.jar
     [loader.3] file:/System/Library/Java/Extensions/libAppleScriptEngine.jnilib
     [loader.3] file:/System/Library/Java/Extensions/libJ3DAudio.jnilib
     [loader.3] file:/System/Library/Java/Extensions/j3daudio.jar
     [loader.3] file:/System/Library/Java/Extensions/libJ3DUtils.jnilib
     [loader.3] file:/System/Library/Java/Extensions/libQTJNative.jnilib
     [loader.3] file:/System/Library/Java/Extensions/j3dcore.jar
     [classpath] /Users/jacquelinechenault/Dropbox/Hungry Academy/Projects/tree/neo4jrails
     [loader.0] file:/Users/jacquelinechenault/.rvm/gems/jruby-1.6.7/gems/neo4j-community-1.7.1-java/lib/neo4j-community/jars/neo4j-cypher-1.7.1.jar
     [bootstrap] /System/Library/Java/JavaVirtualMachines/1.6.0.jdk/Contents/Classes/sunrsasign.jar
     [loader.3] file:/System/Library/Java/Extensions/j3dutils.jar
     [loader.3] file:/System/Library/Java/Extensions/jai_core.jar
     [loader.3] file:/System/Library/Java/Extensions/jai_codec.jar
     [loader.0] file:/Users/jacquelinechenault/.rvm/gems/jruby-1.6.7/gems/neo4j-community-1.7.1-java/lib/neo4j-community/jars/org.apache.servicemix.bundles.jline-0.9.94_1.jar
     [loader.0] file:/Users/jacquelinechenault/.rvm/gems/jruby-1.6.7/gems/neo4j-community-1.7.1-java/lib/neo4j-community/jars/neo4j-jmx-1.7.1.jar
     [loader.0] file:/Users/jacquelinechenault/.rvm/gems/jruby-1.6.7/gems/neo4j-community-1.7.1-java/lib/neo4j-community/jars/neo4j-graph-algo-1.7.1.jar
     [loader.3] file:/System/Library/Java/JavaVirtualMachines/1.6.0.jdk/Contents/Home/lib/ext/sunjce_provider.jar
     [loader.0] file:/Users/jacquelinechenault/.rvm/gems/jruby-1.6.7/gems/json-1.7.3-java/lib/json/ext/generator.jar
     [bootstrap] /System/Library/Java/JavaVirtualMachines/1.6.0.jdk/Contents/Home/lib/jce.jar
     [bootstrap] /System/Library/Java/JavaVirtualMachines/1.6.0.jdk/Contents/Classes/jsse.jar
     [loader.3] file:/System/Library/Java/Extensions/AppleScriptEngine.jar
     [bootstrap] /System/Library/Java/JavaVirtualMachines/1.6.0.jdk/Contents/Classes/jsfd.jar
     [loader.3] file:/System/Library/Java/JavaVirtualMachines/1.6.0.jdk/Contents/Home/lib/ext/apple_provider.jar
     [loader.0] file:/Users/jacquelinechenault/.rvm/gems/jruby-1.6.7/gems/json-1.7.3-java/lib/json/ext/parser.jar
     [loader.3] file:/System/Library/Java/JavaVirtualMachines/1.6.0.jdk/Contents/Home/lib/ext/sunpkcs11.jar
     [loader.2] file:/Users/jacquelinechenault/Dropbox/Hungry%20Academy/Projects/tree/neo4jrails/
2012-07-11 20:15:17.388+0000: Library path:
    /Users/jacquelinechenault/Dropbox/Hungry Academy/Projects/tree/neo4jrails
    /Library/Java/Extensions
    /System/Library/Java/Extensions
    /usr/lib/java
2012-07-11 20:15:17.388+0000: System.properties:
    jruby.home = /Users/jacquelinechenault/.rvm/rubies/jruby-1.6.7
    sun.boot.library.path = /System/Library/Java/JavaVirtualMachines/1.6.0.jdk/Contents/Libraries
    awt.nativeDoubleBuffering = true
    gopherProxySet = false
    mrj.build = 11M3646
    path.separator = :
    file.encoding.pkg = sun.io
    sun.java.launcher = SUN_STANDARD
    user.country = US
    sun.os.patch.level = unknown
    user.dir = /Users/jacquelinechenault/Dropbox/Hungry Academy/Projects/tree/neo4jrails
    jdk.home = 
    sun.jnu.encoding = MacRoman
    jruby.memory.max = 500m
    sun.management.compiler = HotSpot 64-Bit Tiered Compilers
    http.nonProxyHosts = local|*.local|169.254/16|*.169.254/16
    jffi.boot.library.path = /Users/jacquelinechenault/.rvm/rubies/jruby-1.6.7/lib/native/Darwin
    user.home = /Users/jacquelinechenault
    user.timezone = America/New_York
    file.encoding = UTF-8
    jruby.stack.max = 2048k
    jruby.script = jruby
    user.name = jacquelinechenault
    jruby.shell = /bin/sh
    sun.java.command = org/jruby/Main --1.9 /Users/jacquelinechenault/.rvm/gems/jruby-1.6.7/bin/rails c
    sun.arch.data.model = 64
    user.language = en
    awt.toolkit = apple.awt.CToolkit
    file.separator = /
    sun.io.unicode.encoding = UnicodeLittle
    sun.cpu.endian = little
    mrj.version = 1070.1.6.0_31-415
    socksNonProxyHosts = local|*.local|169.254/16|*.169.254/16
    ftp.nonProxyHosts = local|*.local|169.254/16|*.169.254/16
    sun.cpu.isalist = 
2012-07-11 20:15:17.388+0000: --- STARTUP diagnostics END ---
2012-07-11 20:15:17.455+0000: Extension org.neo4j.kernel.KernelExtension[kernel jmx] loaded ok
2012-07-11 20:15:17.791+0000: Extension org.neo4j.kernel.KernelExtension[shell] loaded ok
2012-07-11 20:15:17.795+0000: Extension org.neo4j.kernel.KernelExtension[kernel udc] loaded ok
2012-07-11 20:15:17.797+0000: --- STARTUP diagnostics for KernelDiagnostics:Versions START ---
2012-07-11 20:15:17.798+0000: Graph Database: org.neo4j.kernel.EmbeddedGraphDatabase StoreId[time:1342037152166, id:-7912449125885966461, store version: 13561656364791302]
2012-07-11 20:15:17.798+0000: Kernel version: Neo4j - Graph Database Kernel 1.7.1
2012-07-11 20:15:17.798+0000: Neo4j component versions:
2012-07-11 20:15:17.798+0000:   Neo4j - Graph Database Kernel 1.7.1
2012-07-11 20:15:17.798+0000: --- STARTUP diagnostics for KernelDiagnostics:Versions END ---
2012-07-11 20:15:17.800+0000: --- STARTUP diagnostics for NEO_STORE_VERSIONS START ---
2012-07-11 20:15:17.801+0000: Store versions:
    Store versions:
      NeoStore v0.A.0
      NodeStore v0.A.0
      RelationshipStore v0.A.0
      RelationshipTypeStore v0.A.0
      PropertyStore v0.A.0
      PropertyIndexStore v0.A.0
      StringPropertyStore v0.A.0
      ArrayPropertyStore v0.A.0
2012-07-11 20:15:17.801+0000: --- STARTUP diagnostics for NEO_STORE_VERSIONS END ---
2012-07-11 20:15:17.801+0000: --- STARTUP diagnostics for NEO_STORE_ID_USAGE START ---
2012-07-11 20:15:17.801+0000: Id usage:
    Id usage:
      NodeStore: used=3 high=2
      RelationshipStore: used=2 high=1
      RelationshipTypeStore: used=2 high=1
      PropertyStore: used=2 high=1
      PropertyIndexStore: used=2 high=1
      StringPropertyStore: used=1 high=0
      ArrayPropertyStore: used=1 high=0
2012-07-11 20:15:17.801+0000: --- STARTUP diagnostics for NEO_STORE_ID_USAGE END ---
2012-07-11 20:15:17.801+0000: --- STARTUP diagnostics for KernelDiagnostics:StoreFiles START ---
2012-07-11 20:15:17.801+0000: Storage files:
    active_tx_log: 11.00 B
    index:
      lucene-store.db: 40.00 B
      lucene.log.1: 16.00 B
      lucene.log.active: 4.00 B
    - Total: 60.00 B
    lock: 0.00 B
    messages.log: 46.46 kB
    neostore: 54.00 B
    neostore.id: 9.00 B
    neostore.nodestore.db: 27.00 B
    neostore.nodestore.db.id: 9.00 B
    neostore.propertystore.db: 82.00 B
    neostore.propertystore.db.arrays: 128.00 B
    neostore.propertystore.db.arrays.id: 9.00 B
    neostore.propertystore.db.id: 9.00 B
    neostore.propertystore.db.index: 1.02 kB
    neostore.propertystore.db.index.id: 9.00 B
    neostore.propertystore.db.index.keys: 1.00 kB
    neostore.propertystore.db.index.keys.id: 9.00 B
    neostore.propertystore.db.strings: 128.00 B
    neostore.propertystore.db.strings.id: 9.00 B
    neostore.relationshipstore.db: 66.00 B
    neostore.relationshipstore.db.id: 9.00 B
    neostore.relationshiptypestore.db: 10.00 B
    neostore.relationshiptypestore.db.id: 9.00 B
    neostore.relationshiptypestore.db.names: 114.00 B
    neostore.relationshiptypestore.db.names.id: 9.00 B
    nioneo_logical.log.1: 16.00 B
    nioneo_logical.log.active: 4.00 B
    tm_tx_log.1: 0.00 B
2012-07-11 20:15:17.803+0000: --- STARTUP diagnostics for KernelDiagnostics:StoreFiles END ---
2012-07-11 20:15:17.805+0000: Started - database is now available
2012-07-11 20:15:17.805+0000: GC Monitor started. 
2012-07-11 20:23:12.316+0000: Stopping - database is now unavailable
2012-07-11 20:23:12.319+0000: TM shutting down
2012-07-11 20:23:12.333+0000: GC Monitor stopped. 
2012-07-11 20:23:12.334+0000: Closed log /Users/jacquelinechenault/Dropbox/Hungry Academy/Projects/tree/neo4jrails/db/neo4j-development/index/lucene.log
2012-07-11 20:23:12.337+0000: Closed log /Users/jacquelinechenault/Dropbox/Hungry Academy/Projects/tree/neo4jrails/db/neo4j-development/nioneo_logical.log
2012-07-11 20:23:12.343+0000: NeoStore closed
2012-07-11 20:23:12.343+0000: --- SHUTDOWN diagnostics START ---
2012-07-11 20:23:12.343+0000: --- SHUTDOWN diagnostics END ---
2012-07-11 20:23:51.019+0000: WARNING! Deprecated configuration options used. See manual for details
2012-07-11 20:23:51.022+0000: enable_online_backup has been replaced with online_backup_enabled and online_backup_port
2012-07-11 20:23:51.129+0000: Opened [/Users/jacquelinechenault/Dropbox/Hungry Academy/Projects/tree/neo4jrails/db/neo4j-development/nioneo_logical.log.1] clean empty log, version=0, lastTxId=9
2012-07-11 20:23:51.136+0000: TM opening log: /Users/jacquelinechenault/Dropbox/Hungry Academy/Projects/tree/neo4jrails/db/neo4j-development/tm_tx_log.1
2012-07-11 20:23:51.170+0000: Opened [/Users/jacquelinechenault/Dropbox/Hungry Academy/Projects/tree/neo4jrails/db/neo4j-development/index/lucene.log.1] clean empty log, version=0, lastTxId=3
2012-07-11 20:23:51.172+0000: --- STARTUP diagnostics START ---
2012-07-11 20:23:51.173+0000: Neo4j Kernel properties:
    read_only=false
    neo4j.ext.udc.host=udc.neo4j.org
    logical_log=/Users/jacquelinechenault/Dropbox/Hungry Academy/Projects/tree/neo4jrails/db/neo4j-development/nioneo_logical.log
    min_node_cache_size=0
    intercept_committing_transactions=false
    node_auto_indexing=false
    remote_shell_name=shell
    cache_type=soft
    intercept_deserialized_transactions=false
    ha.db=NO
    use_adaptive_cache=YES
    lucene_searcher_cache_size=2147483647
    neo4j.ext.udc.interval=86400000
    use_memory_mapped_buffers=true
    ha.coordinators=localhost:2181,localhost:2182,localhost:2183
    timestamps=YES
    rebuild_idgenerators_fast=true
    neostore.propertystore.db.index.keys.mapped_memory=1M
    max_node_cache_size=1500
    neostore.propertystore.db.strings.mapped_memory=130M
    neostore.propertystore.db.arrays.mapped_memory=130M
    gcr_cache_min_log_interval=60s
    relationship_grab_size=100
    relationship_auto_indexing=false
    remote_shell_read_only=false
    lucene_writer_cache_size=2147483647
    storage_path=/Users/jacquelinechenault/Dropbox/Hungry Academy/Projects/tree/neo4jrails/db/neo4j-development
    node_cache_array_fraction=1.0
    allow_store_upgrade=false
    execution_guard_enabled=false
    relationship_cache_array_fraction=1.0
    migration_thread=NO
    remote_logging_host=127.0.0.1
    store_dir=/Users/jacquelinechenault/Dropbox/Hungry Academy/Projects/tree/neo4jrails/db/neo4j-development
    remote_logging_port=4560
    enable_rules=YES
    gc_monitor_threshold=200ms
    load_kernel_extensions=true
    array_block_size=120
    neostore.relationshipstore.db.mapped_memory=50M
    dump_configuration=false
    gc_monitor_wait_time=100ms
    neostore.nodestore.db.mapped_memory=25M
    neo4j.ext.udc.first_delay=600000
    remote_shell_enabled=true
    min_relationship_cache_size=0
    max_relationship_cache_size=3500
    neo4j.ext.udc.reg=unreg
    remote_shell_port=9332
    adaptive_cache_heap_ratio=0.77
    identity_map=YES
    adaptive_cache_manager_decrease_ratio=1.15
    ha.server_id=2
    neo_store=/Users/jacquelinechenault/Dropbox/Hungry Academy/Projects/tree/neo4jrails/db/neo4j-development/neostore
    adaptive_cache_worker_sleep_time=3000
    neostore.propertystore.db.index.mapped_memory=1M
    adaptive_cache_manager_increase_ratio=1.1
    backup_slave=false
    neostore.propertystore.db.mapped_memory=90M
    string_block_size=120
    grab_file_lock=true
    remote_logging_enabled=false
    ha.server=localhost:6002
    neo4j.ext.udc.enabled=true
2012-07-11 20:23:51.177+0000: Diagnostics providers:
    org.neo4j.kernel.configuration.Config
    org.neo4j.kernel.info.DiagnosticsManager
    SYSTEM_MEMORY
    JAVA_MEMORY
    OPERATING_SYSTEM
    JAVA_VIRTUAL_MACHINE
    CLASSPATH
    LIBRARY_PATH
    SYSTEM_PROPERTIES
2012-07-11 20:23:51.177+0000: System memory information:
    Total Physical memory: 8.00 GB
    Free Physical memory: 454.50 MB
    Committed virtual memory: 3.24 GB
    Total swap space: 256.00 MB
    Free swap space: 240.22 MB
2012-07-11 20:23:51.185+0000: JVM memory information:
    Free  memory: 34.64 MB
    Total memory: 81.06 MB
    Max   memory: 493.75 MB
    Garbage Collector: ParNew: [Par Eden Space, Par Survivor Space]
    Garbage Collector: ConcurrentMarkSweep: [Par Eden Space, Par Survivor Space, CMS Old Gen, CMS Perm Gen]
    Memory Pool: Code Cache (Non-heap memory): committed=3.32 MB, used=3.23 MB, max=48.00 MB, threshold=0.00 B
    Memory Pool: Par Eden Space (Heap memory): committed=16.63 MB, used=16.31 MB, max=50.00 MB, threshold=?
    Memory Pool: Par Survivor Space (Heap memory): committed=2.06 MB, used=1.20 MB, max=6.25 MB, threshold=?
    Memory Pool: CMS Old Gen (Heap memory): committed=62.38 MB, used=28.91 MB, max=437.50 MB, threshold=0.00 B
    Memory Pool: CMS Perm Gen (Non-heap memory): committed=34.63 MB, used=34.53 MB, max=82.00 MB, threshold=0.00 B
2012-07-11 20:23:51.192+0000: Operating system information:
    Operating System: Mac OS X; version: 10.7.4; arch: x86_64; cpus: 8
    Max number of file descriptors: 10240
    Number of open file descriptors: 73
    Process id: 31396@US-JCHENA01-OSX.local
    Byte order: LITTLE_ENDIAN
2012-07-11 20:23:51.202+0000: JVM information:
    VM Name: Java HotSpot(TM) 64-Bit Server VM
    VM Vendor: Apple Inc.
    VM Version: 20.6-b01-415
    JIT compiler: HotSpot 64-Bit Tiered Compilers
    VM Arguments: [-Djdk.home=, -Djruby.home=/Users/jacquelinechenault/.rvm/rubies/jruby-1.6.7, -Djruby.script=jruby, -Djruby.shell=/bin/sh, -Djffi.boot.library.path=/Users/jacquelinechenault/.rvm/rubies/jruby-1.6.7/lib/native/Darwin, -Xmx500m, -Xss2048k, -Djruby.memory.max=500m, -Djruby.stack.max=2048k, -Xbootclasspath/a:/Users/jacquelinechenault/.rvm/rubies/jruby-1.6.7/lib/jruby.jar, -Dfile.encoding=UTF-8]
2012-07-11 20:23:51.203+0000: Java classpath:
     [bootstrap] /System/Library/Java/JavaVirtualMachines/1.6.0.jdk/Contents/Classes/charsets.jar
     [bootstrap] /System/Library/Frameworks/JavaVM.framework/Versions/A/Frameworks/JavaRuntimeSupport.framework/Versions/A/Resources/Java/JavaRuntimeSupport.jar
     [loader.3] file:/System/Library/Java/Extensions/dns_sd.jar
     [loader.3] file:/System/Library/Java/Extensions/MRJToolkit.jar
     [loader.0] file:/Users/jacquelinechenault/.rvm/gems/jruby-1.6.7/gems/neo4j-community-1.7.1-java/lib/neo4j-community/jars/lucene-core-3.5.0.jar
     [loader.3] file:/System/Library/Java/Extensions/vecmath.jar
     [loader.3] file:/System/Library/Java/Extensions/libmlib_jai.jnilib
     [loader.0] file:/Users/jacquelinechenault/.rvm/gems/jruby-1.6.7/gems/neo4j-community-1.7.1-java/lib/neo4j-community/jars/server-api-1.7.1.jar
     [loader.0] file:/Users/jacquelinechenault/.rvm/gems/jruby-1.6.7/gems/neo4j-community-1.7.1-java/lib/neo4j-community/jars/neo4j-kernel-1.7.1.jar
     [loader.0] file:/Users/jacquelinechenault/.rvm/gems/jruby-1.6.7/gems/neo4j-community-1.7.1-java/lib/neo4j-community/jars/geronimo-jta_1.1_spec-1.1.1.jar
     [loader.3] file:/System/Library/Java/JavaVirtualMachines/1.6.0.jdk/Contents/Home/lib/ext/dnsns.jar
     [bootstrap] /System/Library/Java/JavaVirtualMachines/1.6.0.jdk/Contents/Classes/laf.jar
     [loader.3] file:/System/Library/Java/Extensions/libJ3D.jnilib
     [loader.0] file:/Users/jacquelinechenault/.rvm/gems/jruby-1.6.7/gems/neo4j-community-1.7.1-java/lib/neo4j-community/jars/neo4j-lucene-index-1.7.1.jar
     [loader.3] file:/System/Library/Java/Extensions/mlibwrapper_jai.jar
     [bootstrap] /System/Library/Java/JavaVirtualMachines/1.6.0.jdk/Contents/Classes/classes.jar
     [loader.3] file:/System/Library/Java/JavaVirtualMachines/1.6.0.jdk/Contents/Home/lib/ext/localedata.jar
     [loader.0] file:/Users/jacquelinechenault/.rvm/gems/jruby-1.6.7/gems/neo4j-community-1.7.1-java/lib/neo4j-community/jars/scala-library-2.9.0-1.jar
     [loader.3] file:/System/Library/Java/Extensions/QTJava.zip
     [loader.0] file:/Users/jacquelinechenault/.rvm/gems/jruby-1.6.7/gems/neo4j-community-1.7.1-java/lib/neo4j-community/jars/neo4j-shell-1.7.1.jar
     [bootstrap] /Users/jacquelinechenault/.rvm/rubies/jruby-1.6.7/lib/jruby.jar
     [loader.0] file:/Users/jacquelinechenault/.rvm/gems/jruby-1.6.7/gems/neo4j-community-1.7.1-java/lib/neo4j-community/jars/neo4j-udc-1.7.1.jar
     [loader.0] file:/Users/jacquelinechenault/.rvm/gems/jruby-1.6.7/gems/neo4j-community-1.7.1-java/lib/neo4j-community/jars/neo4j-graph-matching-1.7.1.jar
     [bootstrap] /System/Library/Java/JavaVirtualMachines/1.6.0.jdk/Contents/Classes/ui.jar
     [loader.3] file:/System/Library/Java/Extensions/libAppleScriptEngine.jnilib
     [loader.3] file:/System/Library/Java/Extensions/libJ3DAudio.jnilib
     [loader.3] file:/System/Library/Java/Extensions/j3daudio.jar
     [loader.3] file:/System/Library/Java/Extensions/libJ3DUtils.jnilib
     [loader.3] file:/System/Library/Java/Extensions/libQTJNative.jnilib
     [loader.3] file:/System/Library/Java/Extensions/j3dcore.jar
     [classpath] /Users/jacquelinechenault/Dropbox/Hungry Academy/Projects/tree/neo4jrails
     [loader.0] file:/Users/jacquelinechenault/.rvm/gems/jruby-1.6.7/gems/neo4j-community-1.7.1-java/lib/neo4j-community/jars/neo4j-cypher-1.7.1.jar
     [bootstrap] /System/Library/Java/JavaVirtualMachines/1.6.0.jdk/Contents/Classes/sunrsasign.jar
     [loader.3] file:/System/Library/Java/Extensions/j3dutils.jar
     [loader.3] file:/System/Library/Java/Extensions/jai_core.jar
     [loader.3] file:/System/Library/Java/Extensions/jai_codec.jar
     [loader.0] file:/Users/jacquelinechenault/.rvm/gems/jruby-1.6.7/gems/neo4j-community-1.7.1-java/lib/neo4j-community/jars/org.apache.servicemix.bundles.jline-0.9.94_1.jar
     [loader.0] file:/Users/jacquelinechenault/.rvm/gems/jruby-1.6.7/gems/neo4j-community-1.7.1-java/lib/neo4j-community/jars/neo4j-jmx-1.7.1.jar
     [loader.0] file:/Users/jacquelinechenault/.rvm/gems/jruby-1.6.7/gems/neo4j-community-1.7.1-java/lib/neo4j-community/jars/neo4j-graph-algo-1.7.1.jar
     [loader.3] file:/System/Library/Java/JavaVirtualMachines/1.6.0.jdk/Contents/Home/lib/ext/sunjce_provider.jar
     [loader.0] file:/Users/jacquelinechenault/.rvm/gems/jruby-1.6.7/gems/json-1.7.3-java/lib/json/ext/generator.jar
     [bootstrap] /System/Library/Java/JavaVirtualMachines/1.6.0.jdk/Contents/Home/lib/jce.jar
     [bootstrap] /System/Library/Java/JavaVirtualMachines/1.6.0.jdk/Contents/Classes/jsse.jar
     [loader.3] file:/System/Library/Java/Extensions/AppleScriptEngine.jar
     [bootstrap] /System/Library/Java/JavaVirtualMachines/1.6.0.jdk/Contents/Classes/jsfd.jar
     [loader.3] file:/System/Library/Java/JavaVirtualMachines/1.6.0.jdk/Contents/Home/lib/ext/apple_provider.jar
     [loader.0] file:/Users/jacquelinechenault/.rvm/gems/jruby-1.6.7/gems/json-1.7.3-java/lib/json/ext/parser.jar
     [loader.3] file:/System/Library/Java/JavaVirtualMachines/1.6.0.jdk/Contents/Home/lib/ext/sunpkcs11.jar
     [loader.2] file:/Users/jacquelinechenault/Dropbox/Hungry%20Academy/Projects/tree/neo4jrails/
2012-07-11 20:23:51.205+0000: Library path:
    /Users/jacquelinechenault/Dropbox/Hungry Academy/Projects/tree/neo4jrails
    /Library/Java/Extensions
    /System/Library/Java/Extensions
    /usr/lib/java
2012-07-11 20:23:51.205+0000: System.properties:
    jruby.home = /Users/jacquelinechenault/.rvm/rubies/jruby-1.6.7
    sun.boot.library.path = /System/Library/Java/JavaVirtualMachines/1.6.0.jdk/Contents/Libraries
    awt.nativeDoubleBuffering = true
    gopherProxySet = false
    mrj.build = 11M3646
    path.separator = :
    file.encoding.pkg = sun.io
    sun.java.launcher = SUN_STANDARD
    user.country = US
    sun.os.patch.level = unknown
    user.dir = /Users/jacquelinechenault/Dropbox/Hungry Academy/Projects/tree/neo4jrails
    jdk.home = 
    sun.jnu.encoding = MacRoman
    jruby.memory.max = 500m
    sun.management.compiler = HotSpot 64-Bit Tiered Compilers
    http.nonProxyHosts = local|*.local|169.254/16|*.169.254/16
    jffi.boot.library.path = /Users/jacquelinechenault/.rvm/rubies/jruby-1.6.7/lib/native/Darwin
    user.home = /Users/jacquelinechenault
    user.timezone = America/New_York
    file.encoding = UTF-8
    jruby.stack.max = 2048k
    jruby.script = jruby
    user.name = jacquelinechenault
    jruby.shell = /bin/sh
    sun.java.command = org/jruby/Main --1.9 /Users/jacquelinechenault/.rvm/gems/jruby-1.6.7/bin/rails c
    sun.arch.data.model = 64
    user.language = en
    awt.toolkit = apple.awt.CToolkit
    file.separator = /
    sun.io.unicode.encoding = UnicodeLittle
    sun.cpu.endian = little
    mrj.version = 1070.1.6.0_31-415
    socksNonProxyHosts = local|*.local|169.254/16|*.169.254/16
    ftp.nonProxyHosts = local|*.local|169.254/16|*.169.254/16
    sun.cpu.isalist = 
2012-07-11 20:23:51.205+0000: --- STARTUP diagnostics END ---
2012-07-11 20:23:51.271+0000: Extension org.neo4j.kernel.KernelExtension[kernel jmx] loaded ok
2012-07-11 20:23:51.613+0000: Extension org.neo4j.kernel.KernelExtension[shell] loaded ok
2012-07-11 20:23:51.617+0000: Extension org.neo4j.kernel.KernelExtension[kernel udc] loaded ok
2012-07-11 20:23:51.619+0000: --- STARTUP diagnostics for KernelDiagnostics:Versions START ---
2012-07-11 20:23:51.620+0000: Graph Database: org.neo4j.kernel.EmbeddedGraphDatabase StoreId[time:1342037152166, id:-7912449125885966461, store version: 13561656364791302]
2012-07-11 20:23:51.620+0000: Kernel version: Neo4j - Graph Database Kernel 1.7.1
2012-07-11 20:23:51.620+0000: Neo4j component versions:
2012-07-11 20:23:51.620+0000:   Neo4j - Graph Database Kernel 1.7.1
2012-07-11 20:23:51.620+0000: --- STARTUP diagnostics for KernelDiagnostics:Versions END ---
2012-07-11 20:23:51.622+0000: --- STARTUP diagnostics for NEO_STORE_VERSIONS START ---
2012-07-11 20:23:51.622+0000: Store versions:
    Store versions:
      NeoStore v0.A.0
      NodeStore v0.A.0
      RelationshipStore v0.A.0
      RelationshipTypeStore v0.A.0
      PropertyStore v0.A.0
      PropertyIndexStore v0.A.0
      StringPropertyStore v0.A.0
      ArrayPropertyStore v0.A.0
2012-07-11 20:23:51.622+0000: --- STARTUP diagnostics for NEO_STORE_VERSIONS END ---
2012-07-11 20:23:51.622+0000: --- STARTUP diagnostics for NEO_STORE_ID_USAGE START ---
2012-07-11 20:23:51.623+0000: Id usage:
    Id usage:
      NodeStore: used=6 high=5
      RelationshipStore: used=6 high=5
      RelationshipTypeStore: used=3 high=2
      PropertyStore: used=6 high=5
      PropertyIndexStore: used=3 high=2
      StringPropertyStore: used=1 high=0
      ArrayPropertyStore: used=1 high=0
2012-07-11 20:23:51.623+0000: --- STARTUP diagnostics for NEO_STORE_ID_USAGE END ---
2012-07-11 20:23:51.623+0000: --- STARTUP diagnostics for KernelDiagnostics:StoreFiles START ---
2012-07-11 20:23:51.623+0000: Storage files:
    active_tx_log: 11.00 B
    index:
      lucene:
        relationship:
          Neo4j::Rails::Relationship_exact:
            _0.fdt: 46.00 B
            _0.fdx: 12.00 B
            _0.fnm: 56.00 B
            _0.frq: 4.00 B
            _0.nrm: 8.00 B
            _0.prx: 4.00 B
            _0.tii: 35.00 B
            _0.tis: 77.00 B
            segments.gen: 20.00 B
            segments_1: 233.00 B
          - Total: 495.00 B
        - Total: 495.00 B
      - Total: 495.00 B
      lucene-store.db: 40.00 B
      lucene.log.1: 16.00 B
      lucene.log.active: 4.00 B
    - Total: 555.00 B
    index.db: 157.00 B
    lock: 0.00 B
    messages.log: 62.70 kB
    neostore: 54.00 B
    neostore.id: 9.00 B
    neostore.nodestore.db: 54.00 B
    neostore.nodestore.db.id: 9.00 B
    neostore.propertystore.db: 246.00 B
    neostore.propertystore.db.arrays: 128.00 B
    neostore.propertystore.db.arrays.id: 9.00 B
    neostore.propertystore.db.id: 9.00 B
    neostore.propertystore.db.index: 1.02 kB
    neostore.propertystore.db.index.id: 9.00 B
    neostore.propertystore.db.index.keys: 1.00 kB
    neostore.propertystore.db.index.keys.id: 9.00 B
    neostore.propertystore.db.strings: 128.00 B
    neostore.propertystore.db.strings.id: 9.00 B
    neostore.relationshipstore.db: 198.00 B
    neostore.relationshipstore.db.id: 9.00 B
    neostore.relationshiptypestore.db: 15.00 B
    neostore.relationshiptypestore.db.id: 9.00 B
    neostore.relationshiptypestore.db.names: 152.00 B
    neostore.relationshiptypestore.db.names.id: 9.00 B
    nioneo_logical.log.1: 16.00 B
    nioneo_logical.log.active: 4.00 B
    tm_tx_log.1: 0.00 B
2012-07-11 20:23:51.626+0000: --- STARTUP diagnostics for KernelDiagnostics:StoreFiles END ---
2012-07-11 20:23:51.627+0000: Started - database is now available
2012-07-11 20:23:51.628+0000: GC Monitor started. 
2012-07-11 20:48:30.518+0000: Stopping - database is now unavailable
2012-07-11 20:48:30.522+0000: TM shutting down
2012-07-11 20:48:30.539+0000: Closed log /Users/jacquelinechenault/Dropbox/Hungry Academy/Projects/tree/neo4jrails/db/neo4j-development/index/lucene.log
2012-07-11 20:48:30.542+0000: Closed log /Users/jacquelinechenault/Dropbox/Hungry Academy/Projects/tree/neo4jrails/db/neo4j-development/nioneo_logical.log
2012-07-11 20:48:30.549+0000: NeoStore closed
2012-07-11 20:48:30.549+0000: --- SHUTDOWN diagnostics START ---
2012-07-11 20:48:30.549+0000: --- SHUTDOWN diagnostics END ---
